<?xml version="1.0" encoding="UTF-8"?>
<robot generator="Robot 6.0 (Python 3.8.0 on win32)" generated="20230520 22:35:26.196" rpa="false" schemaversion="3">
<suite id="s1" name="Amazon" source="C:\Users\piotr\Github\Python\Python\robot\amazon\Tests\amazon.robot">
<test id="s1-t1" name="User must sign it to check out" line="13">
<kw name="Begin Web Test">
<kw name="Open Browser" library="Selenium2Library">
<arg>about:blank chrome</arg>
<doc>Opens a new browser instance to the optional ``url``.</doc>
<msg timestamp="20230520 22:35:26.566" level="INFO">Opening browser 'firefox' to base url 'about:blank chrome'.</msg>
<msg timestamp="20230520 22:35:29.687" level="INFO">Cannot capture screenshot because no browser is open.</msg>
<msg timestamp="20230520 22:35:29.687" level="FAIL">SessionNotCreatedException: Message: Expected browser binary location, but unable to find binary in default location, no 'moz:firefoxOptions.binary' capability provided, and no binary flag set on the command line
</msg>
<status status="FAIL" starttime="20230520 22:35:26.566" endtime="20230520 22:35:29.703"/>
</kw>
<status status="FAIL" starttime="20230520 22:35:26.566" endtime="20230520 22:35:29.703"/>
</kw>
<kw name="Search for Products">
<status status="NOT RUN" starttime="20230520 22:35:29.703" endtime="20230520 22:35:29.703"/>
</kw>
<kw name="Select Product from Search Results">
<status status="NOT RUN" starttime="20230520 22:35:29.703" endtime="20230520 22:35:29.703"/>
</kw>
<kw name="Add Product to Cart">
<status status="NOT RUN" starttime="20230520 22:35:29.703" endtime="20230520 22:35:29.703"/>
</kw>
<kw name="Begin Checkout">
<status status="NOT RUN" starttime="20230520 22:35:29.703" endtime="20230520 22:35:29.703"/>
</kw>
<kw name="End Web Test">
<status status="NOT RUN" starttime="20230520 22:35:29.703" endtime="20230520 22:35:29.703"/>
</kw>
<doc>This is some basic information about the test</doc>
<tag>Smoke</tag>
<status status="FAIL" starttime="20230520 22:35:26.566" endtime="20230520 22:35:29.703">SessionNotCreatedException: Message: Expected browser binary location, but unable to find binary in default location, no 'moz:firefoxOptions.binary' capability provided, and no binary flag set on the command line
</status>
</test>
<doc>This is some basic info about the whole suite</doc>
<status status="FAIL" starttime="20230520 22:35:26.212" endtime="20230520 22:35:29.703"/>
</suite>
<statistics>
<total>
<stat pass="0" fail="1" skip="0">All Tests</stat>
</total>
<tag>
<stat pass="0" fail="1" skip="0">Smoke</stat>
</tag>
<suite>
<stat pass="0" fail="1" skip="0" id="s1" name="Amazon">Amazon</stat>
</suite>
</statistics>
<errors>
</errors>
</robot>
